E:\Planifiqator\Planifiqator\frontend\dist\out-tsc\app\cauta-destinatii\cauta-destinatii.component.js
E:\Planifiqator\Planifiqator\frontend\dist\out-tsc\app\cauta-destinatii\cauta-destinatii.component.js.map
E:\Planifiqator\Planifiqator\frontend\dist\out-tsc\app\contact\contact.component.js
E:\Planifiqator\Planifiqator\frontend\dist\out-tsc\app\contact\contact.component.js.map
E:\Planifiqator\Planifiqator\frontend\dist\out-tsc\app\despre\despre.component.js
E:\Planifiqator\Planifiqator\frontend\dist\out-tsc\app\despre\despre.component.js.map
E:\Planifiqator\Planifiqator\frontend\dist\out-tsc\app\home-signed\home-signed.component.js
E:\Planifiqator\Planifiqator\frontend\dist\out-tsc\app\home-signed\home-signed.component.js.map
E:\Planifiqator\Planifiqator\frontend\dist\out-tsc\app\home\home.component.js
E:\Planifiqator\Planifiqator\frontend\dist\out-tsc\app\home\home.component.js.map
E:\Planifiqator\Planifiqator\frontend\dist\out-tsc\app\login\login.component.js
E:\Planifiqator\Planifiqator\frontend\dist\out-tsc\app\login\login.component.js.map
E:\Planifiqator\Planifiqator\frontend\dist\out-tsc\app\notite\notite.component.js
E:\Planifiqator\Planifiqator\frontend\dist\out-tsc\app\notite\notite.component.js.map
E:\Planifiqator\Planifiqator\frontend\dist\out-tsc\app\profil\profil.component.js
E:\Planifiqator\Planifiqator\frontend\dist\out-tsc\app\profil\profil.component.js.map
E:\Planifiqator\Planifiqator\frontend\dist\out-tsc\app\register\register.component.js
E:\Planifiqator\Planifiqator\frontend\dist\out-tsc\app\register\register.component.js.map
E:\Planifiqator\Planifiqator\frontend\dist\out-tsc\app\app-routing.module.js
E:\Planifiqator\Planifiqator\frontend\dist\out-tsc\app\app-routing.module.js.map
E:\Planifiqator\Planifiqator\frontend\dist\out-tsc\app\app.component.js
E:\Planifiqator\Planifiqator\frontend\dist\out-tsc\app\app.component.js.map
E:\Planifiqator\Planifiqator\frontend\dist\out-tsc\app\app.module.js
E:\Planifiqator\Planifiqator\frontend\dist\out-tsc\app\app.module.js.map
E:\Planifiqator\Planifiqator\frontend\dist\out-tsc\environments\environment.js
E:\Planifiqator\Planifiqator\frontend\dist\out-tsc\environments\environment.js.map
E:\Planifiqator\Planifiqator\frontend\dist\out-tsc\main.js
E:\Planifiqator\Planifiqator\frontend\dist\out-tsc\main.js.map
E:\Planifiqator\Planifiqator\frontend\dist\out-tsc\polyfills.js
E:\Planifiqator\Planifiqator\frontend\dist\out-tsc\polyfills.js.map
E:\Planifiqator\Planifiqator\frontend\dist\out-tsc\test.js
E:\Planifiqator\Planifiqator\frontend\dist\out-tsc\test.js.map
E:\Planifiqator\Planifiqator\frontend\dist\out-tsc\app\app.component.spec.js
E:\Planifiqator\Planifiqator\frontend\dist\out-tsc\app\app.component.spec.js.map
E:\Planifiqator\Planifiqator\frontend\dist\out-tsc\app\cauta-destinatii\cauta-destinatii.component.spec.js
E:\Planifiqator\Planifiqator\frontend\dist\out-tsc\app\cauta-destinatii\cauta-destinatii.component.spec.js.map
E:\Planifiqator\Planifiqator\frontend\dist\out-tsc\app\contact\contact.component.spec.js
E:\Planifiqator\Planifiqator\frontend\dist\out-tsc\app\contact\contact.component.spec.js.map
E:\Planifiqator\Planifiqator\frontend\dist\out-tsc\app\despre\despre.component.spec.js
E:\Planifiqator\Planifiqator\frontend\dist\out-tsc\app\despre\despre.component.spec.js.map
E:\Planifiqator\Planifiqator\frontend\dist\out-tsc\app\home\home.component.spec.js
E:\Planifiqator\Planifiqator\frontend\dist\out-tsc\app\home\home.component.spec.js.map
E:\Planifiqator\Planifiqator\frontend\dist\out-tsc\app\home-signed\home-signed.component.spec.js
E:\Planifiqator\Planifiqator\frontend\dist\out-tsc\app\home-signed\home-signed.component.spec.js.map
E:\Planifiqator\Planifiqator\frontend\dist\out-tsc\app\login\login.component.spec.js
E:\Planifiqator\Planifiqator\frontend\dist\out-tsc\app\login\login.component.spec.js.map
E:\Planifiqator\Planifiqator\frontend\dist\out-tsc\app\notite\notite.component.spec.js
E:\Planifiqator\Planifiqator\frontend\dist\out-tsc\app\notite\notite.component.spec.js.map
E:\Planifiqator\Planifiqator\frontend\dist\out-tsc\app\profil\profil.component.spec.js
E:\Planifiqator\Planifiqator\frontend\dist\out-tsc\app\profil\profil.component.spec.js.map
E:\Planifiqator\Planifiqator\frontend\dist\out-tsc\app\register\register.component.spec.js
E:\Planifiqator\Planifiqator\frontend\dist\out-tsc\app\register\register.component.spec.js.map
E:\Planifiqator\Planifiqator\frontend\dist\out-tsc\environments\environment.prod.js
E:\Planifiqator\Planifiqator\frontend\dist\out-tsc\environments\environment.prod.js.map
