E:\Planifiqator\Planifiqator\Views\angular\dist\out-tsc\services\planifiqator.service.js
E:\Planifiqator\Planifiqator\Views\angular\dist\out-tsc\services\planifiqator.service.js.map
E:\Planifiqator\Planifiqator\Views\angular\dist\out-tsc\services\data.service.js
E:\Planifiqator\Planifiqator\Views\angular\dist\out-tsc\services\data.service.js.map
E:\Planifiqator\Planifiqator\Views\angular\dist\out-tsc\cauta-destinatii\cauta-destinatii.component.js
E:\Planifiqator\Planifiqator\Views\angular\dist\out-tsc\cauta-destinatii\cauta-destinatii.component.js.map
E:\Planifiqator\Planifiqator\Views\angular\dist\out-tsc\clasament\clasament.component.js
E:\Planifiqator\Planifiqator\Views\angular\dist\out-tsc\clasament\clasament.component.js.map
E:\Planifiqator\Planifiqator\Views\angular\dist\out-tsc\contact\contact.component.js
E:\Planifiqator\Planifiqator\Views\angular\dist\out-tsc\contact\contact.component.js.map
E:\Planifiqator\Planifiqator\Views\angular\dist\out-tsc\despre\despre.component.js
E:\Planifiqator\Planifiqator\Views\angular\dist\out-tsc\despre\despre.component.js.map
E:\Planifiqator\Planifiqator\Views\angular\dist\out-tsc\login\login.component.js
E:\Planifiqator\Planifiqator\Views\angular\dist\out-tsc\login\login.component.js.map
E:\Planifiqator\Planifiqator\Views\angular\dist\out-tsc\notite\notite.component.js
E:\Planifiqator\Planifiqator\Views\angular\dist\out-tsc\notite\notite.component.js.map
E:\Planifiqator\Planifiqator\Views\angular\dist\out-tsc\planificari\planificari.component.js
E:\Planifiqator\Planifiqator\Views\angular\dist\out-tsc\planificari\planificari.component.js.map
E:\Planifiqator\Planifiqator\Views\angular\dist\out-tsc\profil\profil.component.js
E:\Planifiqator\Planifiqator\Views\angular\dist\out-tsc\profil\profil.component.js.map
E:\Planifiqator\Planifiqator\Views\angular\dist\out-tsc\register\register.component.js
E:\Planifiqator\Planifiqator\Views\angular\dist\out-tsc\register\register.component.js.map
E:\Planifiqator\Planifiqator\Views\angular\dist\out-tsc\app\app-routing.module.js
E:\Planifiqator\Planifiqator\Views\angular\dist\out-tsc\app\app-routing.module.js.map
E:\Planifiqator\Planifiqator\Views\angular\dist\out-tsc\app\app.component.js
E:\Planifiqator\Planifiqator\Views\angular\dist\out-tsc\app\app.component.js.map
E:\Planifiqator\Planifiqator\Views\angular\dist\out-tsc\app\app.module.js
E:\Planifiqator\Planifiqator\Views\angular\dist\out-tsc\app\app.module.js.map
E:\Planifiqator\Planifiqator\Views\angular\dist\out-tsc\environments\environment.js
E:\Planifiqator\Planifiqator\Views\angular\dist\out-tsc\environments\environment.js.map
E:\Planifiqator\Planifiqator\Views\angular\dist\out-tsc\main.js
E:\Planifiqator\Planifiqator\Views\angular\dist\out-tsc\main.js.map
E:\Planifiqator\Planifiqator\Views\angular\dist\out-tsc\polyfills.js
E:\Planifiqator\Planifiqator\Views\angular\dist\out-tsc\polyfills.js.map
E:\Planifiqator\Planifiqator\Views\angular\dist\out-tsc\test.js
E:\Planifiqator\Planifiqator\Views\angular\dist\out-tsc\test.js.map
E:\Planifiqator\Planifiqator\Views\angular\dist\out-tsc\app\app.component.spec.js
E:\Planifiqator\Planifiqator\Views\angular\dist\out-tsc\app\app.component.spec.js.map
E:\Planifiqator\Planifiqator\Views\angular\dist\out-tsc\cauta-destinatii\cauta-destinatii.component.spec.js
E:\Planifiqator\Planifiqator\Views\angular\dist\out-tsc\cauta-destinatii\cauta-destinatii.component.spec.js.map
E:\Planifiqator\Planifiqator\Views\angular\dist\out-tsc\clasament\clasament.component.spec.js
E:\Planifiqator\Planifiqator\Views\angular\dist\out-tsc\clasament\clasament.component.spec.js.map
E:\Planifiqator\Planifiqator\Views\angular\dist\out-tsc\contact\contact.component.spec.js
E:\Planifiqator\Planifiqator\Views\angular\dist\out-tsc\contact\contact.component.spec.js.map
E:\Planifiqator\Planifiqator\Views\angular\dist\out-tsc\despre\despre.component.spec.js
E:\Planifiqator\Planifiqator\Views\angular\dist\out-tsc\despre\despre.component.spec.js.map
E:\Planifiqator\Planifiqator\Views\angular\dist\out-tsc\environments\environment.prod.js
E:\Planifiqator\Planifiqator\Views\angular\dist\out-tsc\environments\environment.prod.js.map
E:\Planifiqator\Planifiqator\Views\angular\dist\out-tsc\login\login.component.spec.js
E:\Planifiqator\Planifiqator\Views\angular\dist\out-tsc\login\login.component.spec.js.map
E:\Planifiqator\Planifiqator\Views\angular\dist\out-tsc\notite\notite.component.spec.js
E:\Planifiqator\Planifiqator\Views\angular\dist\out-tsc\notite\notite.component.spec.js.map
E:\Planifiqator\Planifiqator\Views\angular\dist\out-tsc\planificari\planificari.component.spec.js
E:\Planifiqator\Planifiqator\Views\angular\dist\out-tsc\planificari\planificari.component.spec.js.map
E:\Planifiqator\Planifiqator\Views\angular\dist\out-tsc\profil\profil.component.spec.js
E:\Planifiqator\Planifiqator\Views\angular\dist\out-tsc\profil\profil.component.spec.js.map
E:\Planifiqator\Planifiqator\Views\angular\dist\out-tsc\register\register.component.spec.js
E:\Planifiqator\Planifiqator\Views\angular\dist\out-tsc\register\register.component.spec.js.map
E:\Planifiqator\Planifiqator\Views\angular\dist\out-tsc\services\data.service.spec.js
E:\Planifiqator\Planifiqator\Views\angular\dist\out-tsc\services\data.service.spec.js.map
